Sat, May 17, 2025  2:43:38 PM: 
 tests:  0|5
total_score: 0/70
3f0e54c
Sat, May 17, 2025  2:46:19 PM: 
 sudoku.c | 111 +++++++++++++++++++++++++++++++++++++++++++++++++++++++++++----
 1 file changed, 104 insertions(+), 7 deletions(-)
Compilation failed
In file included from test.c:5:0:
sudoku.c: In function 'createNode':
sudoku.c:11:3: error: conversion to non-scalar type requested
   Node* n=(Node) malloc(sizeof(Node));
   ^~~~
sudoku.c: In function 'copy':
sudoku.c:18:12: error: incompatible types when returning type 'Node * {aka struct <anonymous> *}' but 'Node {aka struct <anonymous>}' was expected
     return new;
            ^~~
sudoku.c: In function 'get_adj_nodes':
sudoku.c:112:21: error: incompatible types when initializing type 'Node * {aka struct <anonymous> *}' using type 'Node {aka struct <anonymous>}'
         Node* new = copy(n);
                     ^~~~
sudoku.c: In function 'DFS':
sudoku.c:150:9: error: variable 'adj' has initializer but incomplete type
         List adj = get_adj_nodes(current);
         ^~~~
sudoku.c:150:14: error: storage size of 'adj' isn't known
         List adj = get_adj_nodes(current);
              ^~~
sudoku.c:150:14: error: unused variable 'adj' [-Werror=unused-variable]
sudoku.c: At top level:
sudoku.c:166:1: error: expected identifier or '(' before '/' token
 /int main( int argc, charargv[] ){
 ^
sudoku.c:176:3: error: expected identifier or '(' before '/' token
 }*/
   ^
sudoku.c: In function 'copy':
sudoku.c:19:1: error: control reaches end of non-void function [-Werror=return-type]
 }
 ^
cc1.exe: all warnings being treated as errors
4f3a2e7
Sat, May 17, 2025  2:57:29 PM: 
 sudoku.c | 4 ++--
 1 file changed, 2 insertions(+), 2 deletions(-)
Compilation failed
In file included from test.c:5:0:
sudoku.c: In function 'createNode':
sudoku.c:11:3: error: conversion to non-scalar type requested
   Node* n=(Node) malloc(sizeof(Node));
   ^~~~
sudoku.c: In function 'copy':
sudoku.c:18:12: error: incompatible types when returning type 'Node * {aka struct <anonymous> *}' but 'Node {aka struct <anonymous>}' was expected
     return new;
            ^~~
sudoku.c: In function 'get_adj_nodes':
sudoku.c:112:21: error: incompatible types when initializing type 'Node * {aka struct <anonymous> *}' using type 'Node {aka struct <anonymous>}'
         Node* new = copy(n);
                     ^~~~
sudoku.c: In function 'DFS':
sudoku.c:150:9: error: variable 'adj' has initializer but incomplete type
         List adj = get_adj_nodes(current);
         ^~~~
sudoku.c:150:14: error: storage size of 'adj' isn't known
         List adj = get_adj_nodes(current);
              ^~~
sudoku.c:150:14: error: unused variable 'adj' [-Werror=unused-variable]
sudoku.c: At top level:
sudoku.c:166:21: error: unknown type name 'charargv'
 int main( int argc, charargv[] ){
                     ^~~~~~~~
sudoku.c: In function 'copy':
sudoku.c:19:1: error: control reaches end of non-void function [-Werror=return-type]
 }
 ^
cc1.exe: all warnings being treated as errors
2c3eef2
Sat, May 17, 2025  2:58:21 PM: 
 sudoku.c | 14 --------------
 1 file changed, 14 deletions(-)
Compilation failed
In file included from test.c:5:0:
sudoku.c: In function 'createNode':
sudoku.c:11:3: error: conversion to non-scalar type requested
   Node* n=(Node) malloc(sizeof(Node));
   ^~~~
sudoku.c: In function 'copy':
sudoku.c:18:12: error: incompatible types when returning type 'Node * {aka struct <anonymous> *}' but 'Node {aka struct <anonymous>}' was expected
     return new;
            ^~~
sudoku.c: In function 'get_adj_nodes':
sudoku.c:112:21: error: incompatible types when initializing type 'Node * {aka struct <anonymous> *}' using type 'Node {aka struct <anonymous>}'
         Node* new = copy(n);
                     ^~~~
sudoku.c: In function 'DFS':
sudoku.c:150:9: error: variable 'adj' has initializer but incomplete type
         List adj = get_adj_nodes(current);
         ^~~~
sudoku.c:150:14: error: storage size of 'adj' isn't known
         List adj = get_adj_nodes(current);
              ^~~
sudoku.c:150:14: error: unused variable 'adj' [-Werror=unused-variable]
sudoku.c: In function 'copy':
sudoku.c:19:1: error: control reaches end of non-void function [-Werror=return-type]
 }
 ^
cc1.exe: all warnings being treated as errors
f22cc96
Sat, May 17, 2025  3:01:43 PM: 
 sudoku.c | 128 +++++++++++++--------------------------------------------------
 1 file changed, 26 insertions(+), 102 deletions(-)
Compilation failed
In file included from test.c:5:0:
sudoku.c: In function 'is_valid':
sudoku.c:49:9: error: 'i' undeclared (first use in this function)
     for(i = 0; i < 9; i++){
         ^
sudoku.c:49:9: note: each undeclared identifier is reported only once for each function it appears in
sudoku.c:50:13: error: 'k' undeclared (first use in this function)
         for(k = 1; k <= 9; k++) seen[k] = 0;
             ^
sudoku.c:51:13: error: 'j' undeclared (first use in this function)
         for(j = 0; j < 9; j++){
             ^
test.c:245:5: error: 'main' is normally a non-static function [-Werror=main]
 int main( int argc, char *argv[] ) {
     ^~~~
test.c:262:1: error: expected declaration or statement at end of input
 }
 ^
test.c:262:1: error: expected declaration or statement at end of input
test.c:262:1: error: control reaches end of non-void function [-Werror=return-type]
 }
 ^
At top level:
test.c:245:5: error: 'main' defined but not used [-Werror=unused-function]
 int main( int argc, char *argv[] ) {
     ^~~~
test.c:7:8: error: '_strdup' defined but not used [-Werror=unused-function]
 char * _strdup(const char * str) {
        ^~~~~~~
cc1.exe: all warnings being treated as errors
c93daa2
Sat, May 17, 2025  3:02:39 PM: 
Compilation failed
In file included from test.c:5:0:
sudoku.c: In function 'is_valid':
sudoku.c:49:9: error: 'i' undeclared (first use in this function)
     for(i = 0; i < 9; i++){
         ^
sudoku.c:49:9: note: each undeclared identifier is reported only once for each function it appears in
sudoku.c:50:13: error: 'k' undeclared (first use in this function)
         for(k = 1; k <= 9; k++) seen[k] = 0;
             ^
sudoku.c:51:13: error: 'j' undeclared (first use in this function)
         for(j = 0; j < 9; j++){
             ^
test.c:245:5: error: 'main' is normally a non-static function [-Werror=main]
 int main( int argc, char *argv[] ) {
     ^~~~
test.c:262:1: error: expected declaration or statement at end of input
 }
 ^
test.c:262:1: error: expected declaration or statement at end of input
test.c:262:1: error: control reaches end of non-void function [-Werror=return-type]
 }
 ^
At top level:
test.c:245:5: error: 'main' defined but not used [-Werror=unused-function]
 int main( int argc, char *argv[] ) {
     ^~~~
test.c:7:8: error: '_strdup' defined but not used [-Werror=unused-function]
 char * _strdup(const char * str) {
        ^~~~~~~
cc1.exe: all warnings being treated as errors
533d266
Sat, May 17, 2025  3:03:50 PM: 
Compilation failed
In file included from test.c:5:0:
sudoku.c: In function 'is_valid':
sudoku.c:49:9: error: 'i' undeclared (first use in this function)
     for(i = 0; i < 9; i++){
         ^
sudoku.c:49:9: note: each undeclared identifier is reported only once for each function it appears in
sudoku.c:50:13: error: 'k' undeclared (first use in this function)
         for(k = 1; k <= 9; k++) seen[k] = 0;
             ^
sudoku.c:51:13: error: 'j' undeclared (first use in this function)
         for(j = 0; j < 9; j++){
             ^
test.c:245:5: error: 'main' is normally a non-static function [-Werror=main]
 int main( int argc, char *argv[] ) {
     ^~~~
test.c:262:1: error: expected declaration or statement at end of input
 }
 ^
test.c:262:1: error: expected declaration or statement at end of input
test.c:262:1: error: control reaches end of non-void function [-Werror=return-type]
 }
 ^
At top level:
test.c:245:5: error: 'main' defined but not used [-Werror=unused-function]
 int main( int argc, char *argv[] ) {
     ^~~~
test.c:7:8: error: '_strdup' defined but not used [-Werror=unused-function]
 char * _strdup(const char * str) {
        ^~~~~~~
cc1.exe: all warnings being treated as errors
3f81fd3
Sat, May 17, 2025  3:04:38 PM: 
Compilation failed
In file included from test.c:5:0:
sudoku.c: In function 'is_valid':
sudoku.c:49:9: error: 'i' undeclared (first use in this function)
     for(i = 0; i < 9; i++){
         ^
sudoku.c:49:9: note: each undeclared identifier is reported only once for each function it appears in
sudoku.c:50:13: error: 'k' undeclared (first use in this function)
         for(k = 1; k <= 9; k++) seen[k] = 0;
             ^
sudoku.c:51:13: error: 'j' undeclared (first use in this function)
         for(j = 0; j < 9; j++){
             ^
test.c:245:5: error: 'main' is normally a non-static function [-Werror=main]
 int main( int argc, char *argv[] ) {
     ^~~~
test.c:262:1: error: expected declaration or statement at end of input
 }
 ^
test.c:262:1: error: expected declaration or statement at end of input
test.c:262:1: error: control reaches end of non-void function [-Werror=return-type]
 }
 ^
At top level:
test.c:245:5: error: 'main' defined but not used [-Werror=unused-function]
 int main( int argc, char *argv[] ) {
     ^~~~
test.c:7:8: error: '_strdup' defined but not used [-Werror=unused-function]
 char * _strdup(const char * str) {
        ^~~~~~~
cc1.exe: all warnings being treated as errors
2733653
Sat, May 17, 2025  3:05:45 PM: 
 sudoku.c | 27 +++++++++++++++++++++++++++
 1 file changed, 27 insertions(+)
Compilation failed
In file included from test.c:5:0:
sudoku.c: In function 'is_valid':
sudoku.c:49:9: error: 'i' undeclared (first use in this function)
     for(i = 0; i < 9; i++){
         ^
sudoku.c:49:9: note: each undeclared identifier is reported only once for each function it appears in
sudoku.c:50:13: error: 'k' undeclared (first use in this function)
         for(k = 1; k <= 9; k++) seen[k] = 0;
             ^
sudoku.c:51:13: error: 'j' undeclared (first use in this function)
         for(j = 0; j < 9; j++){
             ^
sudoku.c:73:21: error: 'l' undeclared (first use in this function)
                 for(l = 0; l < 3; l++){
                     ^
59e406b
Sat, May 17, 2025  3:07:02 PM: 
 sudoku.c | 1 +
 1 file changed, 1 insertion(+)
 tests:  3|4
total_score: 20/70
668cf4d
Sat, May 17, 2025  6:54:50 PM: 
 sudoku.c | 31 +++++++++++++++++++++++++++----
 1 file changed, 27 insertions(+), 4 deletions(-)
Compilation failed
In file included from test.c:5:0:
sudoku.c: In function 'is_valid':
sudoku.c:53:9: error: unknown type name 'nt'
         nt val = n->sudo[i][j];
         ^~
effbea1
